#
# A fatal error has been detected by the Java Runtime Environment:
#
#  SIGSEGV (0xb) at pc=0x000000011c8e079b, pid=6218, tid=1811
#
# JRE version: Java(TM) SE Runtime Environment (8.0_25-b17) (build 1.8.0_25-b17)
# Java VM: Java HotSpot(TM) 64-Bit Server VM (25.25-b02 mixed mode bsd-amd64 compressed oops)
# Problematic frame:
# C  [libglass.dylib+0x579b]  -[GlassApplication applicationWillHide:]+0x7b
#
# Failed to write core dump. Core dumps have been disabled. To enable core dumping, try "ulimit -c unlimited" before starting Java again
#
# If you would like to submit a bug report, please visit:
#   http://bugreport.sun.com/bugreport/crash.jsp
#

---------------  T H R E A D  ---------------

Current thread is native thread

siginfo: si_signo: 11 (SIGSEGV), si_code: 1 (SEGV_MAPERR), si_addr: 0x0000000000000000

Registers:
RAX=0x00007fb663f42770, RBX=0x0000000000000000, RCX=0x0000000000000008, RDX=0x00007fff7c796118
RSP=0x00007fff5d2cf5e0, RBP=0x00007fff5d2cf600, RSI=0x00007fff8e566fe2, RDI=0x00007fb664805070
R8 =0x00007fff5d2cf480, R9 =0x00007fff7b62f300, R10=0x00007fb663c13ac0, R11=0x00007fff7c7895e0
R12=0x00007fb663f069e0, R13=0x00000000000f4265, R14=0x00007fb663f2ad10, R15=0x00007fb663f42770
RIP=0x000000011c8e079b, EFLAGS=0x0000000000010202, ERR=0x0000000000000004
  TRAPNO=0x000000000000000e

Top of Stack: (sp=0x00007fff5d2cf5e0)
0x00007fff5d2cf5e0:   00007fff5d2cf7d0 00007fb663f069e0
0x00007fff5d2cf5f0:   00007fb663f60820 00007fff5d2cf740
0x00007fff5d2cf600:   00007fff5d2cf610 00007fff8eb2c45c
0x00007fff5d2cf610:   00007fff5d2cf970 00007fff8ea1c634
0x00007fff5d2cf620:   0000000000000000 0000000000000000
0x00007fff5d2cf630:   0000000000000000 0000000000000000
0x00007fff5d2cf640:   000000010294aa00 0000000000000900
0x00007fff5d2cf650:   0000000102947000 00007fb663f60820
0x00007fff5d2cf660:   0000000000000000 00007fff5d2cf740
0x00007fff5d2cf670:   0000000000000000 00007fb663f607a0
0x00007fff5d2cf680:   00007fff5d2cf7c0 0000000000000060
0x00007fff5d2cf690:   00000000000f4309 00007fb66640fc60
0x00007fff5d2cf6a0:   00007fb663f2c6b0 00007fb663f069e0
0x00007fff5d2cf6b0:   0000000000000001 00000000000f4265
0x00007fff5d2cf6c0:   00007fb663f069d0 0000000000000000
0x00007fff5d2cf6d0:   ffffffffffffffff 00007fff5d2cf7f8
0x00007fff5d2cf6e0:   0000000000001000 000000010294aa00
0x00007fff5d2cf6f0:   0000000000000017 0000000000000018
0x00007fff5d2cf700:   0000000100000000 0000000102947000
0x00007fff5d2cf710:   0000000000000002 0000000000000019
0x00007fff5d2cf720:   0001c7037be524f0 00007fb663f06a04
0x00007fff5d2cf730:   0000000000000000 0000000000000000
0x00007fff5d2cf740:   00007fb663f60820 0000000000000001
0x00007fff5d2cf750:   0000000102947000 000000000000000d
0x00007fff5d2cf760:   00007fff5d2cf7a0 00007fff8c38f53e
0x00007fff5d2cf770:   000000010294aa00 0000000000000001
0x00007fff5d2cf780:   0000000102947000 00007fb663dce551
0x00007fff5d2cf790:   0000000000000003 000000010294aa00
0x00007fff5d2cf7a0:   00007fff5d2cf890 00007fff8c38e2a2
0x00007fff5d2cf7b0:   00007fff5d2cf7d0 00007fff949edc12
0x00007fff5d2cf7c0:   0000000000000014 0000000000000000
0x00007fff5d2cf7d0:   00000000000f4265 00007fff8ea1210f 

Instructions: (pc=0x000000011c8e079b)
0x000000011c8e077b:   8d 35 3f f9 03 00 ff 15 39 f9 03 00 48 8b 35 82
0x000000011c8e078b:   e8 03 00 48 89 c7 30 c0 e8 b0 49 02 00 49 89 c7
0x000000011c8e079b:   48 8b 03 4c 8b a0 e8 01 00 00 48 8b 35 54 ea 03
0x000000011c8e07ab:   00 48 8b 3d 75 fa 03 00 30 c0 e8 8e 49 02 00 48 

Register to memory mapping:

RAX=0x00007fb663f42770 is an unknown value
RBX=0x0000000000000000 is an unknown value
RCX=0x0000000000000008 is an unknown value
RDX=0x00007fff7c796118: _NSAPCache+0x18 in /System/Library/Frameworks/Foundation.framework/Versions/C/Foundation at 0x00007fff962f2000
RSP=0x00007fff5d2cf5e0 is an unknown value
RBP=0x00007fff5d2cf600 is an unknown value
RSI=0x00007fff8e566fe2 is an unknown value
RDI=0x00007fb664805070 is an unknown value
R8 =0x00007fff5d2cf480 is an unknown value
R9 =0x00007fff7b62f300: _thread+0 in /usr/lib/system/libsystem_pthread.dylib at 0x00007fff8f0d9000
R10=0x00007fb663c13ac0 is an unknown value
R11=0x00007fff7c7895e0: OBJC_CLASS_$_NSAutoreleasePool+0 in /System/Library/Frameworks/Foundation.framework/Versions/C/Foundation at 0x00007fff962f2000
R12=0x00007fb663f069e0 is an unknown value
R13=0x00000000000f4265 is an unknown value
R14=0x00007fb663f2ad10 is an unknown value
R15=0x00007fb663f42770 is an unknown value


Stack: [0x00007fff5cad3000,0x00007fff5d2d3000],  sp=0x00007fff5d2cf5e0,  free space=8177k
Native frames: (J=compiled Java code, j=interpreted, Vv=VM code, C=native code)
C  [libglass.dylib+0x579b]  -[GlassApplication applicationWillHide:]+0x7b
C  [CoreFoundation+0x12045c]  __CFNOTIFICATIONCENTER_IS_CALLING_OUT_TO_AN_OBSERVER__+0xc
C  [CoreFoundation+0x10634]  _CFXNotificationPost+0xc44
C  [Foundation+0x79d1]  -[NSNotificationCenter postNotificationName:object:userInfo:]+0x42
C  [AppKit+0x485dc6]  -[NSApplication _doHideMaybeFakingIt:]+0x186
C  [AppKit+0x16015a]  _hideShowHandler+0xac
C  [HIToolbox+0x8b6c]  DispatchEventToHandlers(EventTargetRec*, OpaqueEventRef*, HandlerCallRec*)+0x4ec
C  [HIToolbox+0x7fae]  SendEventToEventTargetInternal(OpaqueEventRef*, OpaqueEventTargetRef*, HandlerCallRec*)+0x182
C  [HIToolbox+0x1dcb6]  SendEventToEventTarget+0x28
C  [AppKit+0x91bd1]  _DPSNextEvent+0x5e8
C  [AppKit+0x90f68]  -[NSApplication nextEventMatchingMask:untilDate:inMode:dequeue:]+0x15a
C  [AppKit+0x86bf3]  -[NSApplication run]+0x252
C  [libosxapp.dylib+0x223e]  +[NSApplicationAWT runAWTLoopWithApp:]+0x9c
C  [libawt_lwawt.dylib+0x4494f]  -[AWTStarter starter:]+0x389
C  [Foundation+0x92d00]  __NSThreadPerformPerform+0x125
C  [CoreFoundation+0x80a01]  __CFRUNLOOP_IS_CALLING_OUT_TO_A_SOURCE0_PERFORM_FUNCTION__+0x11
C  [CoreFoundation+0x72b8d]  __CFRunLoopDoSources0+0x10d
C  [CoreFoundation+0x721bf]  __CFRunLoopRun+0x39f
C  [CoreFoundation+0x71bd8]  CFRunLoopRunSpecific+0x128
C  [java+0x56cc]  CreateExecutionEnvironment+0x367
C  [java+0x165c]  JLI_Launch+0x7a0
C  [java+0x768a]  main+0x65
C  [java+0xeb4]  start+0x34


---------------  P R O C E S S  ---------------

VM state:at safepoint (normal execution)

VM Mutex/Monitor currently owned by a thread:  ([mutex/lock_event])
[0x00007fb663e13cc0] Threads_lock - owner thread: 0x00007fb664809000
[0x00007fb663e141c0] Heap_lock - owner thread: 0x00007fb665aa9000

Heap:
 PSYoungGen      total 38400K, used 33280K [0x0000000795580000, 0x0000000798000000, 0x00000007c0000000)
  eden space 33280K, 100% used [0x0000000795580000,0x0000000797600000,0x0000000797600000)
  from space 5120K, 0% used [0x0000000797b00000,0x0000000797b00000,0x0000000798000000)
  to   space 5120K, 50% used [0x0000000797600000,0x000000079788c030,0x0000000797b00000)
 ParOldGen       total 87552K, used 16K [0x0000000740000000, 0x0000000745580000, 0x0000000795580000)
  object space 87552K, 0% used [0x0000000740000000,0x0000000740004000,0x0000000745580000)
 Metaspace       used 12367K, capacity 12748K, committed 13056K, reserved 1060864K
  class space    used 1589K, capacity 1706K, committed 1792K, reserved 1048576K

Card table byte_map: [0x00000001136dc000,0x0000000113add000] byte_map_base: 0x000000010fcdc000

Marking Bits: (ParMarkBitMap*) 0x0000000103c9d390
 Begin Bits: [0x0000000114194000, 0x0000000116194000)
 End Bits:   [0x0000000116194000, 0x0000000118194000)

Polling page: 0x0000000102b87000

CodeCache: size=245760Kb used=3295Kb max_used=3307Kb free=242464Kb
 bounds [0x000000010431c000, 0x000000010465c000, 0x000000011331c000]
 total_blobs=1433 nmethods=863 adapters=485
 compilation: enabled

Compilation events (10 events):
Event: 3.993 Thread 0x00007fb664819000  848       3       java.lang.reflect.Constructor::newInstance (87 bytes)
Event: 3.994 Thread 0x00007fb664819000 nmethod 848 0x000000010464bc50 code [0x000000010464be40, 0x000000010464c548]
Event: 3.994 Thread 0x00007fb664819000  849       3       java.util.HashMap$HashIterator::<init> (79 bytes)
Event: 3.994 Thread 0x00007fb664819000 nmethod 849 0x000000010464b5d0 code [0x000000010464b740, 0x000000010464bad0]
Event: 3.994 Thread 0x00007fb664819000  851       3       java.lang.ref.SoftReference::<init> (13 bytes)
Event: 3.995 Thread 0x00007fb664819000 nmethod 851 0x000000010464b050 code [0x000000010464b1c0, 0x000000010464b4b0]
Event: 3.995 Thread 0x00007fb664819000  850       3       sun.reflect.DelegatingConstructorAccessorImpl::newInstance (9 bytes)
Event: 3.995 Thread 0x00007fb664819000 nmethod 850 0x0000000104645d50 code [0x0000000104645ec0, 0x00000001046460e8]
Event: 3.995 Thread 0x00007fb664819000  852       3       java.util.HashMap::afterNodeAccess (1 bytes)
Event: 3.995 Thread 0x00007fb664819000 nmethod 852 0x000000010464ad50 code [0x000000010464aea0, 0x000000010464aff0]

GC Heap History (0 events):
No events

Deoptimization events (0 events):
No events

Internal exceptions (10 events):
Event: 3.965 Thread 0x00007fb665a1f000 Exception <a 'java/security/PrivilegedActionException'> (0x0000000796dac1a0) thrown at [/HUDSON3/workspace/8-2-build-macosx-x86_64/jdk8u25/1514/hotspot/src/share/vm/prims/jvm.cpp, line 1312]
Event: 3.967 Thread 0x00007fb665a1f000 Exception <a 'java/security/PrivilegedActionException'> (0x0000000796db6fa8) thrown at [/HUDSON3/workspace/8-2-build-macosx-x86_64/jdk8u25/1514/hotspot/src/share/vm/prims/jvm.cpp, line 1312]
Event: 3.986 Thread 0x00007fb6648fd000 Exception <a 'java/security/PrivilegedActionException'> (0x0000000796e2dcc0) thrown at [/HUDSON3/workspace/8-2-build-macosx-x86_64/jdk8u25/1514/hotspot/src/share/vm/prims/jvm.cpp, line 1312]
Event: 3.989 Thread 0x00007fb665006800 Exception <a 'java/security/PrivilegedActionException'> (0x0000000796cf48b8) thrown at [/HUDSON3/workspace/8-2-build-macosx-x86_64/jdk8u25/1514/hotspot/src/share/vm/prims/jvm.cpp, line 1312]
Event: 3.989 Thread 0x00007fb665006800 Exception <a 'java/security/PrivilegedActionException'> (0x0000000796cf8f30) thrown at [/HUDSON3/workspace/8-2-build-macosx-x86_64/jdk8u25/1514/hotspot/src/share/vm/prims/jvm.cpp, line 1312]
Event: 3.990 Thread 0x00007fb665006800 Exception <a 'java/security/PrivilegedActionException'> (0x0000000796cfc120) thrown at [/HUDSON3/workspace/8-2-build-macosx-x86_64/jdk8u25/1514/hotspot/src/share/vm/prims/jvm.cpp, line 1312]
Event: 3.990 Thread 0x00007fb665006800 Exception <a 'java/security/PrivilegedActionException'> (0x0000000796d00f00) thrown at [/HUDSON3/workspace/8-2-build-macosx-x86_64/jdk8u25/1514/hotspot/src/share/vm/prims/jvm.cpp, line 1312]
Event: 3.991 Thread 0x00007fb665aa9000 Exception <a 'java/security/PrivilegedActionException'> (0x00000007970209f8) thrown at [/HUDSON3/workspace/8-2-build-macosx-x86_64/jdk8u25/1514/hotspot/src/share/vm/prims/jvm.cpp, line 1312]
Event: 3.993 Thread 0x00007fb665aa9000 Exception <a 'java/security/PrivilegedActionException'> (0x0000000797029208) thrown at [/HUDSON3/workspace/8-2-build-macosx-x86_64/jdk8u25/1514/hotspot/src/share/vm/prims/jvm.cpp, line 1312]
Event: 3.994 Thread 0x00007fb665aa9000 Exception <a 'java/security/PrivilegedActionException'> (0x000000079702f790) thrown at [/HUDSON3/workspace/8-2-build-macosx-x86_64/jdk8u25/1514/hotspot/src/share/vm/prims/jvm.cpp, line 1312]

Events (10 events):
Event: 3.995 loading class java/util/ResourceBundle$SingleFormatControl
Event: 3.995 loading class java/util/ResourceBundle$SingleFormatControl done
Event: 3.995 loading class sun/awt/resources/awt
Event: 3.995 loading class sun/awt/resources/awt done
Event: 3.995 loading class sun/awt/resources/awt_de
Event: 3.995 loading class sun/awt/resources/awt_de done
Event: 3.995 loading class java/awt/Toolkit$3
Event: 3.995 loading class java/awt/Toolkit$3 done
Event: 3.998 loading class sun/misc/ThreadGroupUtils
Event: 3.998 loading class sun/misc/ThreadGroupUtils done


Dynamic libraries:
0x000000000ac16000 	/System/Library/Frameworks/Cocoa.framework/Versions/A/Cocoa
0x000000000ac16000 	/System/Library/Frameworks/Security.framework/Versions/A/Security
0x000000000ac16000 	/System/Library/Frameworks/ApplicationServices.framework/Versions/A/ApplicationServices
0x000000000ac16000 	/usr/lib/libz.1.dylib
0x000000000ac16000 	/usr/lib/libSystem.B.dylib
0x000000000ac16000 	/usr/lib/libobjc.A.dylib
0x000000000ac16000 	/System/Library/Frameworks/CoreFoundation.framework/Versions/A/CoreFoundation
0x000000000ac16000 	/System/Library/Frameworks/Foundation.framework/Versions/C/Foundation
0x000000000ac16000 	/System/Library/Frameworks/AppKit.framework/Versions/C/AppKit
0x000000000ac16000 	/System/Library/Frameworks/CoreData.framework/Versions/A/CoreData
0x000000000ac16000 	/System/Library/PrivateFrameworks/RemoteViewServices.framework/Versions/A/RemoteViewServices
0x000000000ac16000 	/System/Library/PrivateFrameworks/UIFoundation.framework/Versions/A/UIFoundation
0x000000000ac16000 	/System/Library/Frameworks/IOSurface.framework/Versions/A/IOSurface
0x000000000ac16000 	/System/Library/Frameworks/AudioToolbox.framework/Versions/A/AudioToolbox
0x000000000ac16000 	/System/Library/Frameworks/AudioUnit.framework/Versions/A/AudioUnit
0x000000000ac16000 	/System/Library/PrivateFrameworks/DataDetectorsCore.framework/Versions/A/DataDetectorsCore
0x000000000ac16000 	/System/Library/PrivateFrameworks/DesktopServicesPriv.framework/Versions/A/DesktopServicesPriv
0x000000000ac16000 	/System/Library/Frameworks/Carbon.framework/Versions/A/Frameworks/HIToolbox.framework/Versions/A/HIToolbox
0x000000000ac16000 	/System/Library/Frameworks/QuartzCore.framework/Versions/A/QuartzCore
0x000000000ac16000 	/System/Library/Frameworks/Carbon.framework/Versions/A/Frameworks/SpeechRecognition.framework/Versions/A/SpeechRecognition
0x000000000ac16000 	/usr/lib/libauto.dylib
0x000000000ac16000 	/usr/lib/libicucore.A.dylib
0x000000000ac16000 	/usr/lib/libxml2.2.dylib
0x000000000ac16000 	/System/Library/PrivateFrameworks/CoreUI.framework/Versions/A/CoreUI
0x000000000ac16000 	/System/Library/Frameworks/CoreAudio.framework/Versions/A/CoreAudio
0x000000000ac16000 	/System/Library/Frameworks/DiskArbitration.framework/Versions/A/DiskArbitration
0x000000000ac16000 	/usr/lib/liblangid.dylib
0x000000000ac16000 	/System/Library/PrivateFrameworks/MultitouchSupport.framework/Versions/A/MultitouchSupport
0x000000000ac16000 	/System/Library/Frameworks/IOKit.framework/Versions/A/IOKit
0x000000000ac16000 	/usr/lib/libDiagnosticMessagesClient.dylib
0x000000000ac16000 	/System/Library/Frameworks/CoreServices.framework/Versions/A/CoreServices
0x000000000ac16000 	/System/Library/PrivateFrameworks/PerformanceAnalysis.framework/Versions/A/PerformanceAnalysis
0x000000000ac16000 	/System/Library/PrivateFrameworks/GenerationalStorage.framework/Versions/A/GenerationalStorage
0x000000000ac16000 	/System/Library/Frameworks/OpenGL.framework/Versions/A/OpenGL
0x000000000ac16000 	/System/Library/PrivateFrameworks/Sharing.framework/Versions/A/Sharing
0x000000000ac16000 	/System/Library/Frameworks/CoreGraphics.framework/Versions/A/CoreGraphics
0x000000000ac16000 	/System/Library/Frameworks/CoreText.framework/Versions/A/CoreText
0x000000000ac16000 	/System/Library/Frameworks/ImageIO.framework/Versions/A/ImageIO
0x000000000ac16000 	/usr/lib/libextension.dylib
0x000000000ac16000 	/System/Library/PrivateFrameworks/Backup.framework/Versions/A/Backup
0x000000000ac16000 	/usr/lib/libarchive.2.dylib
0x000000000ac16000 	/System/Library/Frameworks/CFNetwork.framework/Versions/A/CFNetwork
0x000000000ac16000 	/System/Library/Frameworks/SystemConfiguration.framework/Versions/A/SystemConfiguration
0x000000000ac16000 	/usr/lib/libCRFSuite.dylib
0x000000000ac16000 	/usr/lib/libc++.1.dylib
0x000000000ac16000 	/usr/lib/libc++abi.dylib
0x000000000ac16000 	/usr/lib/system/libcache.dylib
0x000000000ac16000 	/usr/lib/system/libcommonCrypto.dylib
0x000000000ac16000 	/usr/lib/system/libcompiler_rt.dylib
0x000000000ac16000 	/usr/lib/system/libcopyfile.dylib
0x000000000ac16000 	/usr/lib/system/libcorecrypto.dylib
0x000000000ac16000 	/usr/lib/system/libdispatch.dylib
0x000000000ac16000 	/usr/lib/system/libdyld.dylib
0x000000000ac16000 	/usr/lib/system/libkeymgr.dylib
0x000000000ac16000 	/usr/lib/system/liblaunch.dylib
0x000000000ac16000 	/usr/lib/system/libmacho.dylib
0x000000000ac16000 	/usr/lib/system/libquarantine.dylib
0x000000000ac16000 	/usr/lib/system/libremovefile.dylib
0x000000000ac16000 	/usr/lib/system/libsystem_asl.dylib
0x000000000ac16000 	/usr/lib/system/libsystem_blocks.dylib
0x000000000ac16000 	/usr/lib/system/libsystem_c.dylib
0x000000000ac16000 	/usr/lib/system/libsystem_configuration.dylib
0x000000000ac16000 	/usr/lib/system/libsystem_coreservices.dylib
0x000000000ac16000 	/usr/lib/system/libsystem_coretls.dylib
0x000000000ac16000 	/usr/lib/system/libsystem_dnssd.dylib
0x000000000ac16000 	/usr/lib/system/libsystem_info.dylib
0x000000000ac16000 	/usr/lib/system/libsystem_kernel.dylib
0x000000000ac16000 	/usr/lib/system/libsystem_m.dylib
0x000000000ac16000 	/usr/lib/system/libsystem_malloc.dylib
0x000000000ac16000 	/usr/lib/system/libsystem_network.dylib
0x000000000ac16000 	/usr/lib/system/libsystem_networkextension.dylib
0x000000000ac16000 	/usr/lib/system/libsystem_notify.dylib
0x000000000ac16000 	/usr/lib/system/libsystem_platform.dylib
0x000000000ac16000 	/usr/lib/system/libsystem_pthread.dylib
0x000000000ac16000 	/usr/lib/system/libsystem_sandbox.dylib
0x000000000ac16000 	/usr/lib/system/libsystem_secinit.dylib
0x000000000ac16000 	/usr/lib/system/libsystem_stats.dylib
0x000000000ac16000 	/usr/lib/system/libsystem_trace.dylib
0x000000000ac16000 	/usr/lib/system/libunc.dylib
0x000000000ac16000 	/usr/lib/system/libunwind.dylib
0x000000000ac16000 	/usr/lib/system/libxpc.dylib
0x000000000ac16000 	/usr/lib/libbz2.1.0.dylib
0x000000000ac16000 	/usr/lib/liblzma.5.dylib
0x000000000ac16000 	/usr/lib/libbsm.0.dylib
0x000000000ac16000 	/usr/lib/libsqlite3.dylib
0x000000000ac16000 	/usr/lib/system/libkxld.dylib
0x000000000ac16000 	/usr/lib/libxar.1.dylib
0x000000000ac16000 	/usr/lib/libpam.2.dylib
0x000000000ac16000 	/usr/lib/libOpenScriptingUtil.dylib
0x000000000ac16000 	/System/Library/Frameworks/CoreServices.framework/Versions/A/Frameworks/FSEvents.framework/Versions/A/FSEvents
0x000000000ac16000 	/System/Library/Frameworks/CoreServices.framework/Versions/A/Frameworks/CarbonCore.framework/Versions/A/CarbonCore
0x000000000ac16000 	/System/Library/Frameworks/CoreServices.framework/Versions/A/Frameworks/Metadata.framework/Versions/A/Metadata
0x000000000ac16000 	/System/Library/Frameworks/CoreServices.framework/Versions/A/Frameworks/OSServices.framework/Versions/A/OSServices
0x000000000ac16000 	/System/Library/Frameworks/CoreServices.framework/Versions/A/Frameworks/SearchKit.framework/Versions/A/SearchKit
0x000000000ac16000 	/System/Library/Frameworks/CoreServices.framework/Versions/A/Frameworks/AE.framework/Versions/A/AE
0x000000000ac16000 	/System/Library/Frameworks/CoreServices.framework/Versions/A/Frameworks/LaunchServices.framework/Versions/A/LaunchServices
0x000000000ac16000 	/System/Library/Frameworks/CoreServices.framework/Versions/A/Frameworks/DictionaryServices.framework/Versions/A/DictionaryServices
0x000000000ac16000 	/System/Library/Frameworks/NetFS.framework/Versions/A/NetFS
0x000000000ac16000 	/System/Library/PrivateFrameworks/NetAuth.framework/Versions/A/NetAuth
0x000000000ac16000 	/System/Library/PrivateFrameworks/login.framework/Versions/A/Frameworks/loginsupport.framework/Versions/A/loginsupport
0x000000000ac16000 	/System/Library/PrivateFrameworks/TCC.framework/Versions/A/TCC
0x000000000ac16000 	/usr/lib/libmecabra.dylib
0x000000000ac16000 	/System/Library/Frameworks/ApplicationServices.framework/Versions/A/Frameworks/ATS.framework/Versions/A/ATS
0x000000000ac16000 	/System/Library/Frameworks/ApplicationServices.framework/Versions/A/Frameworks/ColorSync.framework/Versions/A/ColorSync
0x000000000ac16000 	/System/Library/Frameworks/ApplicationServices.framework/Versions/A/Frameworks/HIServices.framework/Versions/A/HIServices
0x000000000ac16000 	/System/Library/Frameworks/ApplicationServices.framework/Versions/A/Frameworks/LangAnalysis.framework/Versions/A/LangAnalysis
0x000000000ac16000 	/System/Library/Frameworks/ApplicationServices.framework/Versions/A/Frameworks/PrintCore.framework/Versions/A/PrintCore
0x000000000ac16000 	/System/Library/Frameworks/ApplicationServices.framework/Versions/A/Frameworks/QD.framework/Versions/A/QD
0x000000000ac16000 	/System/Library/Frameworks/ApplicationServices.framework/Versions/A/Frameworks/SpeechSynthesis.framework/Versions/A/SpeechSynthesis
0x000000000ac16000 	/System/Library/Frameworks/Accelerate.framework/Versions/A/Accelerate
0x000000000ac16000 	/System/Library/Frameworks/Accelerate.framework/Versions/A/Frameworks/vImage.framework/Versions/A/vImage
0x000000000ac16000 	/System/Library/Frameworks/Accelerate.framework/Versions/A/Frameworks/vecLib.framework/Versions/A/vecLib
0x000000000ac16000 	/System/Library/Frameworks/Accelerate.framework/Versions/A/Frameworks/vecLib.framework/Versions/A/libvDSP.dylib
0x000000000ac16000 	/System/Library/Frameworks/Accelerate.framework/Versions/A/Frameworks/vecLib.framework/Versions/A/libvMisc.dylib
0x000000000ac16000 	/System/Library/Frameworks/Accelerate.framework/Versions/A/Frameworks/vecLib.framework/Versions/A/libLAPACK.dylib
0x000000000ac16000 	/System/Library/Frameworks/Accelerate.framework/Versions/A/Frameworks/vecLib.framework/Versions/A/libBLAS.dylib
0x000000000ac16000 	/System/Library/Frameworks/Accelerate.framework/Versions/A/Frameworks/vecLib.framework/Versions/A/libLinearAlgebra.dylib
0x000000000ac16000 	/System/Library/Frameworks/ApplicationServices.framework/Versions/A/Frameworks/ATS.framework/Versions/A/Resources/libFontParser.dylib
0x000000000ac16000 	/System/Library/Frameworks/ApplicationServices.framework/Versions/A/Frameworks/ATS.framework/Versions/A/Resources/libFontRegistry.dylib
0x000000000ac16000 	/System/Library/PrivateFrameworks/AppleVPA.framework/Versions/A/AppleVPA
0x000000000ac16000 	/System/Library/PrivateFrameworks/AppleJPEG.framework/Versions/A/AppleJPEG
0x000000000ac16000 	/System/Library/Frameworks/ImageIO.framework/Versions/A/Resources/libJPEG.dylib
0x000000000ac16000 	/System/Library/Frameworks/ImageIO.framework/Versions/A/Resources/libTIFF.dylib
0x000000000ac16000 	/System/Library/Frameworks/ImageIO.framework/Versions/A/Resources/libPng.dylib
0x000000000ac16000 	/System/Library/Frameworks/ImageIO.framework/Versions/A/Resources/libGIF.dylib
0x000000000ac16000 	/System/Library/Frameworks/ImageIO.framework/Versions/A/Resources/libJP2.dylib
0x000000000ac16000 	/System/Library/Frameworks/ImageIO.framework/Versions/A/Resources/libRadiance.dylib
0x000000000ac16000 	/System/Library/Frameworks/CoreVideo.framework/Versions/A/CoreVideo
0x000000000ac16000 	/System/Library/Frameworks/OpenGL.framework/Versions/A/Libraries/libGLU.dylib
0x000000000ac16000 	/System/Library/Frameworks/OpenGL.framework/Versions/A/Libraries/libGFXShared.dylib
0x000000000ac16000 	/System/Library/Frameworks/OpenGL.framework/Versions/A/Libraries/libGL.dylib
0x000000000ac16000 	/System/Library/Frameworks/OpenGL.framework/Versions/A/Libraries/libGLImage.dylib
0x000000000ac16000 	/System/Library/Frameworks/OpenGL.framework/Versions/A/Libraries/libCVMSPluginSupport.dylib
0x000000000ac16000 	/System/Library/Frameworks/OpenGL.framework/Versions/A/Libraries/libCoreVMClient.dylib
0x000000000ac16000 	/usr/lib/libcups.2.dylib
0x000000000ac16000 	/System/Library/Frameworks/Kerberos.framework/Versions/A/Kerberos
0x000000000ac16000 	/System/Library/Frameworks/GSS.framework/Versions/A/GSS
0x000000000ac16000 	/usr/lib/libresolv.9.dylib
0x000000000ac16000 	/usr/lib/libiconv.2.dylib
0x000000000ac16000 	/System/Library/PrivateFrameworks/Heimdal.framework/Versions/A/Heimdal
0x000000000ac16000 	/usr/lib/libheimdal-asn1.dylib
0x000000000ac16000 	/System/Library/Frameworks/OpenDirectory.framework/Versions/A/OpenDirectory
0x000000000ac16000 	/System/Library/PrivateFrameworks/CommonAuth.framework/Versions/A/CommonAuth
0x000000000ac16000 	/System/Library/Frameworks/OpenDirectory.framework/Versions/A/Frameworks/CFOpenDirectory.framework/Versions/A/CFOpenDirectory
0x000000000ac16000 	/System/Library/Frameworks/SecurityFoundation.framework/Versions/A/SecurityFoundation
0x000000000ac16000 	/System/Library/PrivateFrameworks/LanguageModeling.framework/Versions/A/LanguageModeling
0x000000000ac16000 	/usr/lib/libcmph.dylib
0x000000000ac16000 	/System/Library/Frameworks/ServiceManagement.framework/Versions/A/ServiceManagement
0x000000000ac16000 	/usr/lib/libxslt.1.dylib
0x000000000ac16000 	/System/Library/Frameworks/Carbon.framework/Versions/A/Frameworks/Ink.framework/Versions/A/Ink
0x000000000ac16000 	/System/Library/Frameworks/QuartzCore.framework/Versions/A/Frameworks/CoreImage.framework/Versions/A/CoreImage
0x000000000ac16000 	/System/Library/PrivateFrameworks/CrashReporterSupport.framework/Versions/A/CrashReporterSupport
0x000000000ac16000 	/System/Library/Frameworks/OpenCL.framework/Versions/A/OpenCL
0x000000000ac16000 	/System/Library/PrivateFrameworks/FaceCore.framework/Versions/A/FaceCore
0x000000000ac16000 	/System/Library/PrivateFrameworks/Ubiquity.framework/Versions/A/Ubiquity
0x000000000ac16000 	/System/Library/PrivateFrameworks/IconServices.framework/Versions/A/IconServices
0x000000000ac16000 	/System/Library/PrivateFrameworks/ChunkingLibrary.framework/Versions/A/ChunkingLibrary
0x000000000ac16000 	/System/Library/PrivateFrameworks/Apple80211.framework/Versions/A/Apple80211
0x000000000ac16000 	/System/Library/Frameworks/CoreWLAN.framework/Versions/A/CoreWLAN
0x000000000ac16000 	/System/Library/Frameworks/IOBluetooth.framework/Versions/A/IOBluetooth
0x000000000ac16000 	/System/Library/PrivateFrameworks/CoreWiFi.framework/Versions/A/CoreWiFi
0x000000000ac16000 	/System/Library/Frameworks/CoreBluetooth.framework/Versions/A/CoreBluetooth
0x000000000ac16000 	/System/Library/PrivateFrameworks/DebugSymbols.framework/Versions/A/DebugSymbols
0x000000000ac16000 	/System/Library/PrivateFrameworks/CoreSymbolication.framework/Versions/A/CoreSymbolication
0x000000000ac16000 	/System/Library/PrivateFrameworks/Symbolication.framework/Versions/A/Symbolication
0x000000000ac16000 	/System/Library/PrivateFrameworks/SpeechRecognitionCore.framework/Versions/A/SpeechRecognitionCore
0x0000000103400000 	/Library/Java/JavaVirtualMachines/jdk1.8.0_25.jdk/Contents/Home/jre/lib/server/libjvm.dylib
0x000000000ac16000 	/usr/lib/libstdc++.6.dylib
0x0000000102b45000 	/Library/Java/JavaVirtualMachines/jdk1.8.0_25.jdk/Contents/Home/jre/lib/libverify.dylib
0x0000000102b53000 	/Library/Java/JavaVirtualMachines/jdk1.8.0_25.jdk/Contents/Home/jre/lib/libjava.dylib
0x0000000102b91000 	/Library/Java/JavaVirtualMachines/jdk1.8.0_25.jdk/Contents/Home/jre/lib/libzip.dylib
0x000000011a340000 	/System/Library/Frameworks/JavaVM.framework/Frameworks/JavaRuntimeSupport.framework/JavaRuntimeSupport
0x0000000102beb000 	/System/Library/Frameworks/JavaVM.framework/Versions/A/Frameworks/JavaNativeFoundation.framework/Versions/A/JavaNativeFoundation
0x000000011a358000 	/System/Library/Frameworks/JavaVM.framework/Versions/A/JavaVM
0x000000000ac16000 	/System/Library/Frameworks/Carbon.framework/Versions/A/Carbon
0x000000011a365000 	/System/Library/PrivateFrameworks/JavaLaunching.framework/Versions/A/JavaLaunching
0x000000000ac16000 	/System/Library/Frameworks/Carbon.framework/Versions/A/Frameworks/CommonPanels.framework/Versions/A/CommonPanels
0x000000000ac16000 	/System/Library/Frameworks/Carbon.framework/Versions/A/Frameworks/Help.framework/Versions/A/Help
0x000000000ac16000 	/System/Library/Frameworks/Carbon.framework/Versions/A/Frameworks/ImageCapture.framework/Versions/A/ImageCapture
0x000000000ac16000 	/System/Library/Frameworks/Carbon.framework/Versions/A/Frameworks/OpenScripting.framework/Versions/A/OpenScripting
0x000000000ac16000 	/System/Library/Frameworks/Carbon.framework/Versions/A/Frameworks/Print.framework/Versions/A/Print
0x000000000ac16000 	/System/Library/Frameworks/Carbon.framework/Versions/A/Frameworks/SecurityHI.framework/Versions/A/SecurityHI
0x000000011c42a000 	/Library/Java/JavaVirtualMachines/jdk1.8.0_25.jdk/Contents/Home/jre/lib/libprism_es2.dylib
0x000000000ac16000 	/System/Library/Frameworks/OpenGL.framework/Versions/A/Resources/GLEngine.bundle/GLEngine
0x000000000ac16000 	/System/Library/Frameworks/OpenGL.framework/Versions/A/Libraries/libGLProgrammability.dylib
0x0000000000000000 	/System/Library/Extensions/AppleIntelHD5000GraphicsGLDriver.bundle/Contents/MacOS/AppleIntelHD5000GraphicsGLDriver
0x000000000ac16000 	/System/Library/PrivateFrameworks/IOAccelerator.framework/Versions/A/IOAccelerator
0x000000000ac16000 	/System/Library/PrivateFrameworks/GPUSupport.framework/Versions/A/Libraries/libGPUSupportMercury.dylib
0x000000000ac16000 	/System/Library/Frameworks/OpenGL.framework/Versions/A/Resources/GLRendererFloat.bundle/GLRendererFloat
0x000000000ac16000 	/System/Library/Frameworks/OpenCL.framework/Versions/A/Libraries/libcldcpuengine.dylib
0x000000000ac16000 	/System/Library/PrivateFrameworks/DiskImages.framework/Versions/A/DiskImages
0x000000000ac16000 	/System/Library/Frameworks/DiscRecording.framework/Versions/A/DiscRecording
0x000000000ac16000 	/usr/lib/libcsfde.dylib
0x000000000ac16000 	/usr/lib/libcurl.4.dylib
0x000000000ac16000 	/System/Library/PrivateFrameworks/MediaKit.framework/Versions/A/MediaKit
0x000000000ac16000 	/System/Library/PrivateFrameworks/ProtectedCloudStorage.framework/Versions/A/ProtectedCloudStorage
0x000000000ac16000 	/usr/lib/libCoreStorage.dylib
0x000000000ac16000 	/System/Library/PrivateFrameworks/EFILogin.framework/Versions/A/EFILogin
0x000000000ac16000 	/usr/lib/libutil.dylib
0x000000000ac16000 	/System/Library/PrivateFrameworks/FindMyDevice.framework/Versions/A/FindMyDevice
0x000000000ac16000 	/System/Library/Frameworks/LDAP.framework/Versions/A/LDAP
0x000000000ac16000 	/usr/lib/libsasl2.2.dylib
0x000000000ac16000 	/System/Library/PrivateFrameworks/CoreDaemon.framework/Versions/B/CoreDaemon
0x000000000ac16000 	/usr/lib/libcrypto.0.9.8.dylib
0x000000000ac16000 	/System/Library/PrivateFrameworks/AppleSRP.framework/Versions/A/AppleSRP
0x000000000ac16000 	/System/Library/PrivateFrameworks/TrustEvaluationAgent.framework/Versions/A/TrustEvaluationAgent
0x000000011c8db000 	/Library/Java/JavaVirtualMachines/jdk1.8.0_25.jdk/Contents/Home/jre/lib/libglass.dylib
0x000000000ac16000 	/System/Library/PrivateFrameworks/CoreServicesInternal.framework/Versions/A/CoreServicesInternal
0x000000000ac16000 	/System/Library/PrivateFrameworks/CloudDocs.framework/Versions/A/CloudDocs
0x000000000ac16000 	/System/Library/PrivateFrameworks/CoreDuet.framework/Versions/A/CoreDuet
0x000000000ac16000 	/System/Library/Frameworks/CloudKit.framework/Versions/A/CloudKit
0x000000000ac16000 	/System/Library/PrivateFrameworks/ProtocolBuffer.framework/Versions/A/ProtocolBuffer
0x000000000ac16000 	/System/Library/PrivateFrameworks/CoreDuetDaemonProtocol.framework/Versions/A/CoreDuetDaemonProtocol
0x000000000ac16000 	/System/Library/PrivateFrameworks/CoreDuetDebugLogging.framework/Versions/A/CoreDuetDebugLogging
0x000000000ac16000 	/System/Library/PrivateFrameworks/MMCS.framework/Versions/A/MMCS
0x000000000ac16000 	/System/Library/Frameworks/CoreLocation.framework/Versions/A/CoreLocation
0x000000000ac16000 	/System/Library/PrivateFrameworks/GeoServices.framework/Versions/A/GeoServices
0x000000000ac16000 	/System/Library/Frameworks/CoreGraphics.framework/Versions/A/Resources/libCGCMS.A.dylib
0x000000000ac16000 	/System/Library/CoreServices/RawCamera.bundle/Contents/MacOS/RawCamera
0x000000000ac16000 	/System/Library/Frameworks/CoreGraphics.framework/Versions/A/Resources/libRIP.A.dylib
0x000000000ac16000 	/System/Library/PrivateFrameworks/FamilyControls.framework/Versions/A/FamilyControls
0x000000000ac16000 	/System/Library/PrivateFrameworks/CommerceKit.framework/Versions/A/Frameworks/CommerceCore.framework/Versions/A/CommerceCore
0x000000000ac16000 	/System/Library/PrivateFrameworks/SystemAdministration.framework/Versions/A/SystemAdministration
0x000000000ac16000 	/System/Library/PrivateFrameworks/AppContainer.framework/Versions/A/AppContainer
0x000000000ac16000 	/System/Library/PrivateFrameworks/SecCodeWrapper.framework/Versions/A/SecCodeWrapper
0x000000000ac16000 	/System/Library/Frameworks/DirectoryService.framework/Versions/A/DirectoryService
0x000000000ac16000 	/System/Library/PrivateFrameworks/LoginUIKit.framework/Versions/A/Frameworks/LoginUICore.framework/Versions/A/LoginUICore
0x000000000ac16000 	/usr/lib/libodfde.dylib
0x000000012011f000 	/Library/Java/JavaVirtualMachines/jdk1.8.0_25.jdk/Contents/Home/jre/lib/libjavafx_font.dylib
0x000000000ac16000 	/System/Library/Frameworks/CoreGraphics.framework/Versions/A/Resources/libCGXType.A.dylib
0x0000000121fd0000 	cl_kernels
0x0000000121fd2000 	/System/Library/Frameworks/OpenCL.framework/Versions/A/Libraries/ImageFormats/unorm8_bgra.dylib
0x00000001220fc000 	cl_kernels
0x000000011c409000 	/Library/Java/JavaVirtualMachines/jdk1.8.0_25.jdk/Contents/Home/jre/lib/libnet.dylib
0x000000011ee8b000 	/Library/Java/JavaVirtualMachines/jdk1.8.0_25.jdk/Contents/Home/jre/lib/libnio.dylib
0x0000000120da1000 	/Library/Java/JavaVirtualMachines/jdk1.8.0_25.jdk/Contents/Home/jre/lib/libawt.dylib
0x00000001226e0000 	/Library/Java/JavaVirtualMachines/jdk1.8.0_25.jdk/Contents/Home/jre/lib/./libmlib_image.dylib
0x00000001227ac000 	/Library/Java/JavaVirtualMachines/jdk1.8.0_25.jdk/Contents/Home/jre/lib/libawt_lwawt.dylib
0x000000011ee9b000 	/Library/Java/JavaVirtualMachines/jdk1.8.0_25.jdk/Contents/Home/jre/lib/./libosxapp.dylib
0x000000000ac16000 	/System/Library/Frameworks/ExceptionHandling.framework/Versions/A/ExceptionHandling

VM Arguments:
jvm_args: -Dfile.encoding=UTF-8 
java_command: application.Main
java_class_path (initial): /Users/florianauderset/Documents/BFH/GIT/Java/MQTTSensorSeaFX/bin:/Applications/eclipse/plugins/org.eclipse.fx.ide.css.jfx8_1.1.0.201411050807.jar:/Users/florianauderset/Documents/BFH/GIT/Java/MQTTSensorSea/org.eclipse.paho.client.mqttv3-1.0.2.jar
Launcher Type: SUN_STANDARD

Environment Variables:
PATH=/usr/bin:/bin:/usr/sbin:/sbin
SHELL=/bin/bash

Signal Handlers:
SIGSEGV: [libjvm.dylib+0x579dc7], sa_mask[0]=11111111011111110111111111111111, sa_flags=SA_ONSTACK|SA_RESTART|SA_SIGINFO
SIGBUS: [libjvm.dylib+0x579dc7], sa_mask[0]=11111111011111110111111111111111, sa_flags=SA_RESTART|SA_SIGINFO
SIGFPE: [libjvm.dylib+0x45b030], sa_mask[0]=11111111011111110111111111111111, sa_flags=SA_RESTART|SA_SIGINFO
SIGPIPE: [libjvm.dylib+0x45b030], sa_mask[0]=11111111011111110111111111111111, sa_flags=SA_RESTART|SA_SIGINFO
SIGXFSZ: [libjvm.dylib+0x45b030], sa_mask[0]=11111111011111110111111111111111, sa_flags=SA_RESTART|SA_SIGINFO
SIGILL: [libjvm.dylib+0x45b030], sa_mask[0]=11111111011111110111111111111111, sa_flags=SA_RESTART|SA_SIGINFO
SIGUSR1: SIG_DFL, sa_mask[0]=00000000000000000000000000000000, sa_flags=none
SIGUSR2: [libjvm.dylib+0x45ab4e], sa_mask[0]=00100000000000000000000000000000, sa_flags=SA_RESTART|SA_SIGINFO
SIGHUP: [libjvm.dylib+0x459121], sa_mask[0]=11111111011111110111111111111111, sa_flags=SA_RESTART|SA_SIGINFO
SIGINT: [libjvm.dylib+0x459121], sa_mask[0]=11111111011111110111111111111111, sa_flags=SA_RESTART|SA_SIGINFO
SIGTERM: [libjvm.dylib+0x459121], sa_mask[0]=11111111011111110111111111111111, sa_flags=SA_RESTART|SA_SIGINFO
SIGQUIT: [libjvm.dylib+0x459121], sa_mask[0]=11111111011111110111111111111111, sa_flags=SA_RESTART|SA_SIGINFO


---------------  S Y S T E M  ---------------

OS:Bsduname:Darwin 14.3.0 Darwin Kernel Version 14.3.0: Mon Mar 23 11:59:05 PDT 2015; root:xnu-2782.20.48~5/RELEASE_X86_64 x86_64
rlimit: STACK 8192k, CORE 0k, NPROC 709, NOFILE 10240, AS infinity
load average:1.34 1.51 1.49

CPU:total 4 (2 cores per cpu, 2 threads per core) family 6 model 69 stepping 1, cmov, cx8, fxsr, mmx, sse, sse2, sse3, ssse3, sse4.1, sse4.2, popcnt, avx, avx2, aes, clmul, erms, rtm, lzcnt, ht, tsc, tscinvbit, bmi1, bmi2

Memory: 4k page, physical 8388608k(1309972k free)

/proc/meminfo:


vm_info: Java HotSpot(TM) 64-Bit Server VM (25.25-b02) for bsd-amd64 JRE (1.8.0_25-b17), built on Sep 17 2014 16:56:50 by "java_re" with gcc 4.2.1 (Based on Apple Inc. build 5658) (LLVM build 2336.11.00)

time: Tue Apr 28 19:56:09 2015
elapsed time: 4 seconds (0d 0h 0m 4s)

